[0325/105828.075:ERROR:gpu_init.cc(426)] Passthrough is not supported, GL is disabled
[0325/112312.602:WARNING:angle_platform_impl.cc(48)] HLSLCompiler.cpp:257 (compileToBinary): 
C:\fakepath(102,1-6): warning X4000: use of potentially uninitialized variable (dyn_index_vec4_float4)

[0325/112312.731:WARNING:angle_platform_impl.cc(48)] HLSLCompiler.cpp:257 (compileToBinary): 
C:\fakepath(125,1): warning X4000: use of potentially uninitialized variable (f_mainImage)

[0325/112312.764:WARNING:angle_platform_impl.cc(48)] HLSLCompiler.cpp:257 (compileToBinary): 
C:\fakepath(135,1): warning X4000: use of potentially uninitialized variable (f_i)
C:\fakepath(137,1): warning X4000: use of potentially uninitialized variable (f_i)
C:\fakepath(173,1): warning X4000: use of potentially uninitialized variable (f_u)

[0325/112316.972:WARNING:angle_platform_impl.cc(48)] HLSLCompiler.cpp:257 (compileToBinary): 
C:\fakepath(165,1): warning X4000: use of potentially uninitialized variable (f_renderMipMapLevel)

[0325/112317.180:WARNING:angle_platform_impl.cc(48)] HLSLCompiler.cpp:257 (compileToBinary): 
C:\fakepath(381,10-38): warning X4008: floating point division by zero
C:\fakepath(381,10-38): warning X4008: floating point division by zero

[0325/114244.976:WARNING:angle_platform_impl.cc(48)] HLSLCompiler.cpp:257 (compileToBinary): 
C:\fakepath(102,1-6): warning X4000: use of potentially uninitialized variable (dyn_index_vec4_float4)

[0325/114245.045:WARNING:angle_platform_impl.cc(48)] HLSLCompiler.cpp:257 (compileToBinary): 
C:\fakepath(125,1): warning X4000: use of potentially uninitialized variable (f_mainImage)

[0325/114245.099:WARNING:angle_platform_impl.cc(48)] HLSLCompiler.cpp:257 (compileToBinary): 
C:\fakepath(135,1): warning X4000: use of potentially uninitialized variable (f_i)
C:\fakepath(137,1): warning X4000: use of potentially uninitialized variable (f_i)
C:\fakepath(173,1): warning X4000: use of potentially uninitialized variable (f_u)

[0325/114245.751:WARNING:angle_platform_impl.cc(48)] HLSLCompiler.cpp:257 (compileToBinary): 
C:\fakepath(165,1): warning X4000: use of potentially uninitialized variable (f_renderMipMapLevel)

[0325/114245.760:WARNING:angle_platform_impl.cc(48)] HLSLCompiler.cpp:257 (compileToBinary): 
C:\fakepath(165,1): warning X4000: use of potentially uninitialized variable (f_renderMipMapLevel)

[0325/114245.760:WARNING:angle_platform_impl.cc(48)] HLSLCompiler.cpp:257 (compileToBinary): 
C:\fakepath(165,1): warning X4000: use of potentially uninitialized variable (f_renderMipMapLevel)

[0325/114246.003:WARNING:angle_platform_impl.cc(48)] HLSLCompiler.cpp:257 (compileToBinary): 
C:\fakepath(381,10-38): warning X4008: floating point division by zero
C:\fakepath(381,10-38): warning X4008: floating point division by zero

[0325/114246.663:WARNING:angle_platform_impl.cc(48)] HLSLCompiler.cpp:257 (compileToBinary): 
C:\fakepath(165,1): warning X4000: use of potentially uninitialized variable (f_renderMipMapLevel)

[0325/114246.668:WARNING:angle_platform_impl.cc(48)] HLSLCompiler.cpp:257 (compileToBinary): 
C:\fakepath(165,1): warning X4000: use of potentially uninitialized variable (f_renderMipMapLevel)

[0325/114246.670:WARNING:angle_platform_impl.cc(48)] HLSLCompiler.cpp:257 (compileToBinary): 
C:\fakepath(165,1): warning X4000: use of potentially uninitialized variable (f_renderMipMapLevel)

[0325/114246.672:WARNING:angle_platform_impl.cc(48)] HLSLCompiler.cpp:257 (compileToBinary): 
C:\fakepath(165,1): warning X4000: use of potentially uninitialized variable (f_renderMipMapLevel)

[0325/121644.393:WARNING:angle_platform_impl.cc(48)] HLSLCompiler.cpp:257 (compileToBinary): 
C:\fakepath(102,1-6): warning X4000: use of potentially uninitialized variable (dyn_index_vec4_float4)

[0325/121644.473:WARNING:angle_platform_impl.cc(48)] HLSLCompiler.cpp:257 (compileToBinary): 
C:\fakepath(125,1): warning X4000: use of potentially uninitialized variable (f_mainImage)

[0325/121644.508:WARNING:angle_platform_impl.cc(48)] HLSLCompiler.cpp:257 (compileToBinary): 
C:\fakepath(135,1): warning X4000: use of potentially uninitialized variable (f_i)
C:\fakepath(137,1): warning X4000: use of potentially uninitialized variable (f_i)
C:\fakepath(173,1): warning X4000: use of potentially uninitialized variable (f_u)

[0325/121649.911:WARNING:angle_platform_impl.cc(48)] HLSLCompiler.cpp:257 (compileToBinary): 
C:\fakepath(165,1): warning X4000: use of potentially uninitialized variable (f_renderMipMapLevel)

[0325/121649.916:WARNING:angle_platform_impl.cc(48)] HLSLCompiler.cpp:257 (compileToBinary): 
C:\fakepath(165,1): warning X4000: use of potentially uninitialized variable (f_renderMipMapLevel)

[0325/121650.375:ERROR:gl_utils.cc(314)] [.WebGL-0000052CB5736E80] GL_INVALID_OPERATION: Two textures of different types use the same sampler location.
[0325/184934.202:WARNING:dns_config_service_win.cc(712)] Failed to read DnsConfig.
[0325/184934.215:WARNING:dns_config_service_win.cc(712)] Failed to read DnsConfig.
[0325/184934.216:WARNING:dns_config_service_win.cc(712)] Failed to read DnsConfig.
[0325/184938.184:WARNING:dns_config_service_win.cc(712)] Failed to read DnsConfig.
[0325/184938.191:WARNING:dns_config_service_win.cc(712)] Failed to read DnsConfig.
[0325/184939.207:WARNING:dns_config_service_win.cc(712)] Failed to read DnsConfig.
[0325/184939.220:WARNING:dns_config_service_win.cc(712)] Failed to read DnsConfig.
[0325/184939.220:WARNING:dns_config_service_win.cc(712)] Failed to read DnsConfig.
[0326/094457.314:WARNING:dns_config_service_win.cc(712)] Failed to read DnsConfig.
[0326/094457.324:WARNING:dns_config_service_win.cc(712)] Failed to read DnsConfig.
[0326/094502.317:WARNING:dns_config_service_win.cc(712)] Failed to read DnsConfig.
[0326/094502.327:WARNING:dns_config_service_win.cc(712)] Failed to read DnsConfig.
[0326/094507.322:WARNING:dns_config_service_win.cc(712)] Failed to read DnsConfig.
[0326/094507.330:WARNING:dns_config_service_win.cc(712)] Failed to read DnsConfig.
[0326/094512.324:WARNING:dns_config_service_win.cc(712)] Failed to read DnsConfig.
[0326/094512.333:WARNING:dns_config_service_win.cc(712)] Failed to read DnsConfig.
[0326/094517.329:WARNING:dns_config_service_win.cc(712)] Failed to read DnsConfig.
[0326/094517.336:WARNING:dns_config_service_win.cc(712)] Failed to read DnsConfig.
[0326/094519.482:WARNING:dns_config_service_win.cc(712)] Failed to read DnsConfig.
